<?xml version="1.0" encoding="UTF-8"?>
<testng-results ignored="0" total="3" passed="3" failed="0" skipped="0">
  <reporter-output>
  </reporter-output>
  <suite started-at="2024-09-18T19:33:34 IST" name="Default suite" finished-at="2024-09-18T19:33:38 IST" duration-ms="4408">
    <groups>
    </groups>
    <test started-at="2024-09-18T19:33:34 IST" name="Default test" finished-at="2024-09-18T19:33:38 IST" duration-ms="4408">
      <class name="APIs.newapi">
        <test-method signature="createbook(java.lang.String,java.lang.String)[pri:0, instance:APIs.newapi@49049a04]" started-at="2024-09-18T19:33:34 IST" name="createbook" data-provider="bookdata" finished-at="2024-09-18T19:33:38 IST" duration-ms="3948" status="PASS">
          <params>
            <param index="0">
              <value>
                <![CDATA[ana]]>
              </value>
            </param>
            <param index="1">
              <value>
                <![CDATA[123]]>
              </value>
            </param>
          </params>
          <reporter-output>
          </reporter-output>
        </test-method> <!-- createbook -->
        <test-method signature="createbook(java.lang.String,java.lang.String)[pri:0, instance:APIs.newapi@49049a04]" started-at="2024-09-18T19:33:38 IST" name="createbook" data-provider="bookdata" finished-at="2024-09-18T19:33:38 IST" duration-ms="204" status="PASS">
          <params>
            <param index="0">
              <value>
                <![CDATA[dsoni]]>
              </value>
            </param>
            <param index="1">
              <value>
                <![CDATA[765]]>
              </value>
            </param>
          </params>
          <reporter-output>
          </reporter-output>
        </test-method> <!-- createbook -->
        <test-method signature="createbook(java.lang.String,java.lang.String)[pri:0, instance:APIs.newapi@49049a04]" started-at="2024-09-18T19:33:38 IST" name="createbook" data-provider="bookdata" finished-at="2024-09-18T19:33:38 IST" duration-ms="154" status="PASS">
          <params>
            <param index="0">
              <value>
                <![CDATA[adi]]>
              </value>
            </param>
            <param index="1">
              <value>
                <![CDATA[3f4]]>
              </value>
            </param>
          </params>
          <reporter-output>
          </reporter-output>
        </test-method> <!-- createbook -->
      </class> <!-- APIs.newapi -->
    </test> <!-- Default test -->
  </suite> <!-- Default suite -->
</testng-results>
